<?xml version="1.0" encoding="UTF-8"?>
<!-- Generated by org.testng.reporters.JUnitReportReporter -->
<testsuite skipped="0" hostname="LNAR-PF18YQPU" name="test.NewTest" tests="1" failures="0" timestamp="11 Dec 2018 02:51:38 GMT" time="0.008" errors="0">
  <testcase name="f" time="0.008" classname="test.NewTest"/>
</testsuite> <!-- test.NewTest -->
